This is pdfTeX, Version 3.1415926-1.40.10 (TeX Live 2009/Debian) (format=pdflatex 2013.3.30)  23 APR 2013 11:29
entering extended mode
 %&-line parsing enabled.
**abc.tex
(./abc.tex
LaTeX2e <2009/09/24>
Babel <v3.8l> and hyphenation patterns for english, usenglishmax, dumylang, noh
yphenation, pinyin, loaded.
(/usr/share/texmf-texlive/tex/latex/base/article.cls
Document Class: article 2007/10/19 v1.4h Standard LaTeX document class
(/usr/share/texmf-texlive/tex/latex/base/size10.clo
File: size10.clo 2007/10/19 v1.4h Standard LaTeX file (size option)
)
\c@part=\count79
\c@section=\count80
\c@subsection=\count81
\c@subsubsection=\count82
\c@paragraph=\count83
\c@subparagraph=\count84
\c@figure=\count85
\c@table=\count86
\abovecaptionskip=\skip41
\belowcaptionskip=\skip42
\bibindent=\dimen102
)
(/usr/share/texmf/tex/latex/CJK/CJK.sty
Package: CJK 2008/12/29 4.8.2

(/usr/share/texmf/tex/latex/CJK/mule/MULEenc.sty
Package: MULEenc 2008/12/29 4.8.2
)
(/usr/share/texmf/tex/latex/CJK/CJK.enc
File: CJK.enc 2008/12/29 4.8.2
)
LaTeX Info: Redefining \selectfont on input line 756.
\CJK@indent=\box26
) (./abc.aux)
\openout1 = `abc.aux'.

LaTeX Font Info:    Checking defaults for OML/cmm/m/it on input line 3.
LaTeX Font Info:    ... okay on input line 3.
LaTeX Font Info:    Checking defaults for T1/cmr/m/n on input line 3.
LaTeX Font Info:    ... okay on input line 3.
LaTeX Font Info:    Checking defaults for OT1/cmr/m/n on input line 3.
LaTeX Font Info:    ... okay on input line 3.
LaTeX Font Info:    Checking defaults for OMS/cmsy/m/n on input line 3.
LaTeX Font Info:    ... okay on input line 3.
LaTeX Font Info:    Checking defaults for OMX/cmex/m/n on input line 3.
LaTeX Font Info:    ... okay on input line 3.
LaTeX Font Info:    Checking defaults for U/cmr/m/n on input line 3.
LaTeX Font Info:    ... okay on input line 3.
LaTeX Font Info:    Checking defaults for C00/song/m/n on input line 3.
LaTeX Font Info:    ... okay on input line 3.
LaTeX Font Info:    Checking defaults for C05/song/m/n on input line 3.
LaTeX Font Info:    ... okay on input line 3.
LaTeX Font Info:    Checking defaults for C09/song/m/n on input line 3.
LaTeX Font Info:    ... okay on input line 3.
LaTeX Font Info:    Checking defaults for C10/song/m/n on input line 3.
LaTeX Font Info:    ... okay on input line 3.
LaTeX Font Info:    Checking defaults for C20/song/m/n on input line 3.
LaTeX Font Info:    ... okay on input line 3.
LaTeX Font Info:    Checking defaults for C19/song/m/n on input line 3.
LaTeX Font Info:    ... okay on input line 3.
LaTeX Font Info:    Checking defaults for C40/song/m/n on input line 3.
LaTeX Font Info:    ... okay on input line 3.
LaTeX Font Info:    Checking defaults for C42/song/m/n on input line 3.
LaTeX Font Info:    ... okay on input line 3.
LaTeX Font Info:    Checking defaults for C43/song/m/n on input line 3.
LaTeX Font Info:    ... okay on input line 3.
LaTeX Font Info:    Checking defaults for C50/song/m/n on input line 3.
LaTeX Font Info:    ... okay on input line 3.
LaTeX Font Info:    Checking defaults for C52/song/m/n on input line 3.
LaTeX Font Info:    ... okay on input line 3.
LaTeX Font Info:    Checking defaults for C49/song/m/n on input line 3.
LaTeX Font Info:    ... okay on input line 3.
LaTeX Font Info:    Checking defaults for C60/mj/m/n on input line 3.
LaTeX Font Info:    ... okay on input line 3.
LaTeX Font Info:    Checking defaults for C61/mj/m/n on input line 3.
LaTeX Font Info:    ... okay on input line 3.
LaTeX Font Info:    Checking defaults for C63/mj/m/n on input line 3.
LaTeX Font Info:    ... okay on input line 3.
LaTeX Font Info:    Checking defaults for C64/mj/m/n on input line 3.
LaTeX Font Info:    ... okay on input line 3.
LaTeX Font Info:    Checking defaults for C65/mj/m/n on input line 3.
LaTeX Font Info:    ... okay on input line 3.
LaTeX Font Info:    Checking defaults for C70/song/m/n on input line 3.
LaTeX Font Info:    ... okay on input line 3.
LaTeX Font Info:    Checking defaults for C31/song/m/n on input line 3.
LaTeX Font Info:    ... okay on input line 3.
LaTeX Font Info:    Checking defaults for C32/song/m/n on input line 3.
LaTeX Font Info:    ... okay on input line 3.
LaTeX Font Info:    Checking defaults for C33/song/m/n on input line 3.
LaTeX Font Info:    ... okay on input line 3.
LaTeX Font Info:    Checking defaults for C34/song/m/n on input line 3.
LaTeX Font Info:    ... okay on input line 3.
LaTeX Font Info:    Checking defaults for C35/song/m/n on input line 3.
LaTeX Font Info:    ... okay on input line 3.
LaTeX Font Info:    Checking defaults for C36/song/m/n on input line 3.
LaTeX Font Info:    ... okay on input line 3.
LaTeX Font Info:    Checking defaults for C37/song/m/n on input line 3.
LaTeX Font Info:    ... okay on input line 3.
LaTeX Font Info:    Checking defaults for C80/song/m/n on input line 3.
LaTeX Font Info:    ... okay on input line 3.
LaTeX Font Info:    Checking defaults for C81/song/m/n on input line 3.
LaTeX Font Info:    ... okay on input line 3.
LaTeX Font Info:    Checking defaults for C01/song/m/n on input line 3.
LaTeX Font Info:    ... okay on input line 3.
LaTeX Font Info:    Checking defaults for C11/song/m/n on input line 3.
LaTeX Font Info:    ... okay on input line 3.
LaTeX Font Info:    Checking defaults for C21/song/m/n on input line 3.
LaTeX Font Info:    ... okay on input line 3.
LaTeX Font Info:    Checking defaults for C41/song/m/n on input line 3.
LaTeX Font Info:    ... okay on input line 3.
LaTeX Font Info:    Checking defaults for C62/song/m/n on input line 3.
LaTeX Font Info:    ... okay on input line 3.

(/usr/share/texmf/tex/latex/CJK/UTF8/UTF8.bdg
File: UTF8.bdg 2008/12/29 4.8.2
)
(/usr/share/texmf/tex/latex/CJK/UTF8/UTF8.enc
File: UTF8.enc 2008/12/29 4.8.2
)
(/usr/share/texmf/tex/latex/CJK/UTF8/UTF8.chr
File: UTF8.chr 2008/12/29 4.8.2
)
LaTeX Font Info:    External font `cmex10' loaded for size
(Font)              <7> on input line 7.
LaTeX Font Info:    External font `cmex10' loaded for size
(Font)              <5> on input line 7.

Underfull \hbox (badness 10000) in paragraph at lines 8--13

 []

LaTeX Font Info:    Try loading font information for C70+gkai on input line 14.

(/usr/share/texmf/tex/latex/CJK/UTF8/c70gkai.fd
File: c70gkai.fd 2008/10/03 4.8.1
)
(/usr/share/texmf/tex/latex/CJK/UTF8/c70gkai.fdx
File: c70gkai.fdx 2008/12/29 4.8.2
)
LaTeX Font Info:    Try loading font information for OMS+cmr on input line 15.

(/usr/share/texmf-texlive/tex/latex/base/omscmr.fd
File: omscmr.fd 1999/05/25 v2.5h Standard LaTeX font definitions
)
LaTeX Font Info:    Font shape `OMS/cmr/m/n' in size <10> not available
(Font)              Font shape `OMS/cmsy/m/n' tried instead on input line 15.
 [1

{/var/lib/texmf/fonts/map/pdftex/updmap/pdftex.map}] (./abc.aux) ) 
Here is how much of TeX's memory you used:
 1433 strings out of 495046
 16579 string characters out of 1181937
 70631 words of memory out of 3000000
 4618 multiletter control sequences out of 15000+50000
 18340 words of font info for 65 fonts, out of 3000000 for 9000
 28 hyphenation exceptions out of 8191
 23i,4n,21p,203b,209s stack positions out of 5000i,500n,10000p,200000b,50000s
</usr/share/t
exmf-texlive/fonts/type1/public/amsfonts/cm/cmbx10.pfb></usr/share/texmf-texliv
e/fonts/type1/public/amsfonts/cm/cmbxti10.pfb></usr/share/texmf-texlive/fonts/t
ype1/public/amsfonts/cm/cmmi10.pfb></usr/share/texmf-texlive/fonts/type1/public
/amsfonts/cm/cmmi7.pfb></usr/share/texmf-texlive/fonts/type1/public/amsfonts/cm
/cmr10.pfb></usr/share/texmf-texlive/fonts/type1/public/amsfonts/cm/cmr5.pfb></
usr/share/texmf-texlive/fonts/type1/public/amsfonts/cm/cmr7.pfb></usr/share/tex
mf-texlive/fonts/type1/public/amsfonts/cm/cmsy10.pfb></usr/share/texmf-texlive/
fonts/type1/public/amsfonts/cm/cmti10.pfb></usr/share/texmf/fonts/type1/arphic/
gkaiu/gkaiu30.pfb></usr/share/texmf/fonts/type1/arphic/gkaiu/gkaiu4e.pfb></usr/
share/texmf/fonts/type1/arphic/gkaiu/gkaiu4f.pfb></usr/share/texmf/fonts/type1/
arphic/gkaiu/gkaiu50.pfb></usr/share/texmf/fonts/type1/arphic/gkaiu/gkaiu51.pfb
></usr/share/texmf/fonts/type1/arphic/gkaiu/gkaiu52.pfb></usr/share/texmf/fonts
/type1/arphic/gkaiu/gkaiu53.pfb></usr/share/texmf/fonts/type1/arphic/gkaiu/gkai
u54.pfb></usr/share/texmf/fonts/type1/arphic/gkaiu/gkaiu56.pfb></usr/share/texm
f/fonts/type1/arphic/gkaiu/gkaiu57.pfb></usr/share/texmf/fonts/type1/arphic/gka
iu/gkaiu59.pfb></usr/share/texmf/fonts/type1/arphic/gkaiu/gkaiu5b.pfb></usr/sha
re/texmf/fonts/type1/arphic/gkaiu/gkaiu5c.pfb></usr/share/texmf/fonts/type1/arp
hic/gkaiu/gkaiu5d.pfb></usr/share/texmf/fonts/type1/arphic/gkaiu/gkaiu5e.pfb></
usr/share/texmf/fonts/type1/arphic/gkaiu/gkaiu5f.pfb></usr/share/texmf/fonts/ty
pe1/arphic/gkaiu/gkaiu60.pfb></usr/share/texmf/fonts/type1/arphic/gkaiu/gkaiu62
.pfb></usr/share/texmf/fonts/type1/arphic/gkaiu/gkaiu63.pfb></usr/share/texmf/f
onts/type1/arphic/gkaiu/gkaiu65.pfb></usr/share/texmf/fonts/type1/arphic/gkaiu/
gkaiu66.pfb></usr/share/texmf/fonts/type1/arphic/gkaiu/gkaiu67.pfb></usr/share/
texmf/fonts/type1/arphic/gkaiu/gkaiu6b.pfb></usr/share/texmf/fonts/type1/arphic
/gkaiu/gkaiu6c.pfb></usr/share/texmf/fonts/type1/arphic/gkaiu/gkaiu70.pfb></usr
/share/texmf/fonts/type1/arphic/gkaiu/gkaiu71.pfb></usr/share/texmf/fonts/type1
/arphic/gkaiu/gkaiu75.pfb></usr/share/texmf/fonts/type1/arphic/gkaiu/gkaiu76.pf
b></usr/share/texmf/fonts/type1/arphic/gkaiu/gkaiu77.pfb></usr/share/texmf/font
s/type1/arphic/gkaiu/gkaiu79.pfb></usr/share/texmf/fonts/type1/arphic/gkaiu/gka
iu7b.pfb></usr/share/texmf/fonts/type1/arphic/gkaiu/gkaiu7e.pfb></usr/share/tex
mf/fonts/type1/arphic/gkaiu/gkaiu80.pfb></usr/share/texmf/fonts/type1/arphic/gk
aiu/gkaiu86.pfb></usr/share/texmf/fonts/type1/arphic/gkaiu/gkaiu88.pfb></usr/sh
are/texmf/fonts/type1/arphic/gkaiu/gkaiu89.pfb></usr/share/texmf/fonts/type1/ar
phic/gkaiu/gkaiu8b.pfb></usr/share/texmf/fonts/type1/arphic/gkaiu/gkaiu8c.pfb><
/usr/share/texmf/fonts/type1/arphic/gkaiu/gkaiu8d.pfb></usr/share/texmf/fonts/t
ype1/arphic/gkaiu/gkaiu8f.pfb></usr/share/texmf/fonts/type1/arphic/gkaiu/gkaiu9
0.pfb></usr/share/texmf/fonts/type1/arphic/gkaiu/gkaiu91.pfb></usr/share/texmf/
fonts/type1/arphic/gkaiu/gkaiu95.pfb></usr/share/texmf/fonts/type1/arphic/gkaiu
/gkaiu97.pfb></usr/share/texmf/fonts/type1/arphic/gkaiu/gkaiu98.pfb></usr/share
/texmf/fonts/type1/arphic/gkaiu/gkaiuff.pfb>
Output written on abc.pdf (1 page, 279664 bytes).
PDF statistics:
 226 PDF objects out of 1000 (max. 8388607)
 0 named destinations out of 1000 (max. 500000)
 1 words of extra memory for PDF output out of 10000 (max. 10000000)

