[Mon Feb  4 23:12:39 2013] [info] Listening at "http://*:3000".
[Mon Feb  4 23:12:43 2013] [debug] Your secret passphrase needs to be changed!!!
[Mon Feb  4 23:12:43 2013] [debug] GET / (Mozilla/5.0 (X11; Linux i686) AppleWebKit/537.27 (KHTML, like Gecko) Chrome/26.0.1386.0 Safari/537.27).
[Mon Feb  4 23:12:43 2013] [debug] Routing to controller "MyMojoliciousApp::Example" and action "welcome".
[Mon Feb  4 23:12:43 2013] [debug] Rendering template "example/welcome.html.ep".
[Mon Feb  4 23:12:43 2013] [debug] Rendering template "layouts/default.html.ep".
[Mon Feb  4 23:12:43 2013] [debug] 200 OK (0.011039s, 90.588/s).
[Mon Feb  4 23:12:53 2013] [debug] GET / (Mozilla/5.0 (X11; Linux i686) AppleWebKit/537.27 (KHTML, like Gecko) Chrome/26.0.1386.0 Safari/537.27).
[Mon Feb  4 23:12:53 2013] [debug] Routing to controller "MyMojoliciousApp::Example" and action "welcome".
[Mon Feb  4 23:12:53 2013] [debug] Rendering cached template example/welcome.html.ep.
[Mon Feb  4 23:12:53 2013] [debug] Rendering cached template layouts/default.html.ep.
[Mon Feb  4 23:12:53 2013] [debug] 200 OK (0.001714s, 583.431/s).
[Mon Feb  4 23:12:54 2013] [debug] GET / (Mozilla/5.0 (X11; Linux i686) AppleWebKit/537.27 (KHTML, like Gecko) Chrome/26.0.1386.0 Safari/537.27).
[Mon Feb  4 23:12:54 2013] [debug] Routing to controller "MyMojoliciousApp::Example" and action "welcome".
[Mon Feb  4 23:12:54 2013] [debug] Rendering cached template example/welcome.html.ep.
[Mon Feb  4 23:12:54 2013] [debug] Rendering cached template layouts/default.html.ep.
[Mon Feb  4 23:12:54 2013] [debug] 200 OK (0.001692s, 591.017/s).
[Mon Feb  4 23:13:00 2013] [debug] GET / (Mozilla/5.0 (X11; Linux i686) AppleWebKit/537.27 (KHTML, like Gecko) Chrome/26.0.1386.0 Safari/537.27).
[Mon Feb  4 23:13:00 2013] [debug] Routing to controller "MyMojoliciousApp::Example" and action "welcome".
[Mon Feb  4 23:13:00 2013] [debug] Rendering cached template example/welcome.html.ep.
[Mon Feb  4 23:13:00 2013] [debug] Rendering cached template layouts/default.html.ep.
[Mon Feb  4 23:13:00 2013] [debug] 200 OK (0.001750s, 571.429/s).
